c:\users\light\source\repos\luagraph\release\vc142.pdb
c:\users\light\source\repos\luagraph\release\main.obj
c:\users\light\source\repos\luagraph\release\internalgl.obj
c:\users\light\source\repos\luagraph\release\glad.obj
c:\users\light\source\repos\luagraph\release\internalstuff.obj
c:\users\light\source\repos\luagraph\release\luagraph.lib
c:\users\light\source\repos\luagraph\release\luagraph.exp
c:\users\light\source\repos\luagraph\release\luagraph.ipdb
c:\users\light\source\repos\luagraph\release\luagraph.iobj
c:\users\light\source\repos\luagraph\release\luagraph - copy.iobj
c:\users\light\source\repos\luagraph\release\luagraph.pdb
c:\users\light\source\repos\luagraph\release\luagraph.tlog\cl.command.1.tlog
c:\users\light\source\repos\luagraph\release\luagraph.tlog\cl.read.1.tlog
c:\users\light\source\repos\luagraph\release\luagraph.tlog\cl.write.1.tlog
c:\users\light\source\repos\luagraph\release\luagraph.tlog\link-cvtres.read.1.tlog
c:\users\light\source\repos\luagraph\release\luagraph.tlog\link-cvtres.write.1.tlog
c:\users\light\source\repos\luagraph\release\luagraph.tlog\link-rc.read.1.tlog
c:\users\light\source\repos\luagraph\release\luagraph.tlog\link-rc.write.1.tlog
c:\users\light\source\repos\luagraph\release\luagraph.tlog\link.command.1.tlog
c:\users\light\source\repos\luagraph\release\luagraph.tlog\link.delete.1.tlog
c:\users\light\source\repos\luagraph\release\luagraph.tlog\link.read.1.tlog
c:\users\light\source\repos\luagraph\release\luagraph.tlog\link.write.1.tlog
c:\users\light\source\repos\luagraph\release\luagraph.tlog\luagraph.write.1u.tlog
